Loading required package: Biobase
Loading required package: BiocGenerics
Loading required package: parallel

Attaching package: ‘BiocGenerics’

The following objects are masked from ‘package:parallel’:

    clusterApply, clusterApplyLB, clusterCall, clusterEvalQ,
    clusterExport, clusterMap, parApply, parCapply, parLapply,
    parLapplyLB, parRapply, parSapply, parSapplyLB

The following objects are masked from ‘package:stats’:

    IQR, mad, sd, var, xtabs

The following objects are masked from ‘package:base’:

    anyDuplicated, append, as.data.frame, basename, cbind, colMeans,
    colnames, colSums, dirname, do.call, duplicated, eval, evalq,
    Filter, Find, get, grep, grepl, intersect, is.unsorted, lapply,
    lengths, Map, mapply, match, mget, order, paste, pmax, pmax.int,
    pmin, pmin.int, Position, rank, rbind, Reduce, rowMeans, rownames,
    rowSums, sapply, setdiff, sort, table, tapply, union, unique,
    unsplit, which, which.max, which.min

Welcome to Bioconductor

    Vignettes contain introductory material; view with
    'browseVignettes()'. To cite Bioconductor, see
    'citation("Biobase")', and for packages 'citation("pkgname")'.

Setting options('download.file.method.GEOquery'='auto')
Setting options('GEOquery.inmemory.gpl'=FALSE)
--2020-04-26 01:44:03--  https://ftp.ncbi.nlm.nih.gov/geo/series/GSE20nnn/GSE20686/suppl/filelist.txt
Resolving ftp.ncbi.nlm.nih.gov (ftp.ncbi.nlm.nih.gov)... 130.14.250.10, 2607:f220:41e:250::11
Connecting to ftp.ncbi.nlm.nih.gov (ftp.ncbi.nlm.nih.gov)|130.14.250.10|:443... connected.
HTTP request sent, awaiting response... 200 OK
Length: 40248 (39K) [text/plain]
Saving to: ‘filelist.txt’

     0K .......... .......... .......... .........            100%  503K=0.08s

2020-04-26 01:44:04 (503 KB/s) - ‘filelist.txt’ saved [40248/40248]

trying URL 'https://ftp.ncbi.nlm.nih.gov/geo/series/GSE20nnn/GSE20686/suppl//GSE20686_RAW.tar?tool=geoquery'
Content type 'application/x-tar' length 3722987520 bytes (3550.5 MB)
==================================================
downloaded 3550.5 MB

Loading required package: limma

Attaching package: ‘limma’

The following object is masked from ‘package:BiocGenerics’:

    plotMA

Loading required package: annotate
Loading required package: AnnotationDbi
Loading required package: stats4
Loading required package: IRanges
Loading required package: S4Vectors

Attaching package: ‘S4Vectors’

The following object is masked from ‘package:base’:

    expand.grid

Loading required package: XML
Loading required package: genefilter
Loading required package: org.Hs.eg.db


Loading required package: vsn
