Start, Sun Apr 26 01:44:02 PDT 2020
GPL4133_old_annotations.txt.gz
GSM518638_US45102978_251485018376_S01_GE1-v5_95_Feb07_1_1.txt.gz
GSM518639_US45102978_251485018367_S01_GE1-v5_95_Feb07_1_2.txt.gz
GSM518640_US45102978_251485018353_S01_GE1-v5_95_Feb07_1_2.txt.gz
GSM518641_US45102978_251485018345_S01_GE1-v5_95_Feb07_1_3.txt.gz
GSM518642_US45102978_251485018376_S01_GE1-v5_95_Feb07_1_2.txt.gz
GSM518643_US45102978_251485018296_S01_GE1-v5_95_Feb07_1_2.txt.gz
GSM518644_US45102978_251485018241_S01_GE1-v5_95_Feb07_1_4.txt.gz
GSM518645_US45102978_251485018296_S01_GE1-v5_95_Feb07_1_3.txt.gz
GSM518646_US45102978_251485018667_S01_GE1-v5_95_Feb07_1_3.txt.gz
GSM518647_US45102978_251485018242_S01_GE1-v5_95_Feb07_1_2.txt.gz
GSM518648_US45102978_251485018297_S01_GE1-v5_95_Feb07_1_3.txt.gz
GSM518649_US45102978_251485018667_S01_GE1-v5_95_Feb07_1_4.txt.gz
GSM518650_US45102978_251485018347_S01_GE1-v5_95_Feb07_1_1.txt.gz
GSM518651_US45102978_251485018309_S01_GE1-v5_95_Feb07_1_2.txt.gz
GSM518652_US45102978_251485018285_S01_GE1-v5_95_Feb07_1_4.txt.gz
GSM518653_US45102978_251485018371_S01_GE1-v5_95_Feb07_1_2.txt.gz
GSM518654_US45102978_251485018310_S01_GE1-v5_95_Feb07_1_1.txt.gz
GSM518655_US45102978_251485018348_S01_GE1-v5_95_Feb07_1_3.txt.gz
GSM518656_US45102978_251485018361_S01_GE1-v5_95_Feb07_1_2.txt.gz
GSM518657_US45102978_251485018397_S01_GE1-v5_95_Feb07_1_1.txt.gz
GSM518658_US45102978_251485018361_S01_GE1-v5_95_Feb07_1_3.txt.gz
GSM518659_US45102978_251485018304_S01_GE1-v5_95_Feb07_1_1.txt.gz
GSM518660_US45102978_251485018374_S01_GE1-v5_95_Feb07_1_4.txt.gz
GSM518661_US45102978_251485018311_S01_GE1-v5_95_Feb07_1_2.txt.gz
GSM518662_US45102978_251485018304_S01_GE1-v5_95_Feb07_1_4.txt.gz
GSM518663_US45102978_251485018288_S01_GE1-v5_95_Feb07_1_4.txt.gz
GSM518664_US45102978_251485018675_S01_GE1-v5_95_Feb07_1_3.txt.gz
GSM518665_US45102978_251485018351_S01_GE1-v5_95_Feb07_1_3.txt.gz
GSM518666_US45102978_251485018294_S01_GE1-v5_95_Feb07_1_1.txt.gz
GSM518667_US45102978_251485018313_S01_GE1-v5_95_Feb07_1_3.txt.gz
GSM518668_US45102978_251485018311_S01_GE1-v5_95_Feb07_1_4.txt.gz
GSM518669_US45102978_251485018351_S01_GE1-v5_95_Feb07_1_4.txt.gz
GSM518670_US45102978_251485018313_S01_GE1-v5_95_Feb07_1_4.txt.gz
GSM518671_US45102978_251485018832_S01_GE1-v5_95_Feb07_1_1.txt.gz
GSM518672_US45102978_251485018665_S01_GE1-v5_95_Feb07_1_4.txt.gz
GSM518673_US45102978_251485018666_S01_GE1-v5_95_Feb07_1_1.txt.gz
GSM518674_US45102978_251485018362_S01_GE1-v5_95_Feb07_1_4.txt.gz
GSM518675_US45102978_251485018364_S01_GE1-v5_95_Feb07_1_1.txt.gz
GSM518676_US45102978_251485018345_S01_GE1-v5_95_Feb07_1_2.txt.gz
GSM518677_US45102978_251485018307_S01_GE1-v5_95_Feb07_1_2.txt.gz
GSM518678_US45102978_251485018283_S01_GE1-v5_95_Feb07_1_4.txt.gz
GSM518679_US45102978_251485018354_S01_GE1-v5_95_Feb07_1_2.txt.gz
GSM518680_US45102978_251485018297_S01_GE1-v5_95_Feb07_1_1.txt.gz
GSM518681_US45102978_251485018245_S01_GE1-v5_95_Feb07_1_1.txt.gz
GSM518682_US45102978_251485018302_S01_GE1-v5_95_Feb07_1_1.txt.gz
GSM518683_US45102978_251485018245_S01_GE1-v5_95_Feb07_1_4.txt.gz
GSM518684_US45102978_251485018665_S01_GE1-v5_95_Feb07_1_1.txt.gz
GSM518685_US45102978_251485018288_S01_GE1-v5_95_Feb07_1_2.txt.gz
GSM518686_US45102978_251485018304_S01_GE1-v5_95_Feb07_1_3.txt.gz
GSM518687_US45102978_251485018675_S01_GE1-v5_95_Feb07_1_1.txt.gz
GSM518688_US45102978_251485018299_S01_GE1-v5_95_Feb07_1_4.txt.gz
GSM518689_US45102978_251485018312_S01_GE1-v5_95_Feb07_1_2.txt.gz
GSM518690_US45102978_251485018307_S01_GE1-v5_95_Feb07_1_1.txt.gz
GSM518691_US45102978_251485018345_S01_GE1-v5_95_Feb07_1_1.txt.gz
GSM518692_US45102978_251485018367_S01_GE1-v5_95_Feb07_1_1.txt.gz
GSM518693_US45102978_251485018353_S01_GE1-v5_95_Feb07_1_1.txt.gz
GSM518694_US45102978_251485018283_S01_GE1-v5_95_Feb07_1_1.txt.gz
GSM518695_US45102978_251485018367_S01_GE1-v5_95_Feb07_1_4.txt.gz
GSM518696_US45102978_251485018283_S01_GE1-v5_95_Feb07_1_3.txt.gz
GSM518697_US45102978_251485018308_S01_GE1-v5_95_Feb07_1_1.txt.gz
GSM518698_US45102978_251485018295_S01_GE1-v5_95_Feb07_1_4.txt.gz
GSM518699_US45102978_251485018393_S01_GE1-v5_95_Feb07_1_2.txt.gz
GSM518700_US45102978_251485018364_S01_GE1-v5_95_Feb07_1_4.txt.gz
GSM518701_US45102978_251485018241_S01_GE1-v5_95_Feb07_1_3.txt.gz
GSM518702_US45102978_251485018308_S01_GE1-v5_95_Feb07_1_3.txt.gz
GSM518703_US45102978_251485018393_S01_GE1-v5_95_Feb07_1_4.txt.gz
GSM518704_US45102978_251485018301_S01_GE1-v5_95_Feb07_1_3.txt.gz
GSM518705_US45102978_251485018346_S01_GE1-v5_95_Feb07_1_2.txt.gz
GSM518706_US45102978_251485018354_S01_GE1-v5_95_Feb07_1_3.txt.gz
GSM518707_US45102978_251485018285_S01_GE1-v5_95_Feb07_1_1.txt.gz
GSM518708_US45102978_251485018394_S01_GE1-v5_95_Feb07_1_3.txt.gz
GSM518709_US45102978_251485018285_S01_GE1-v5_95_Feb07_1_2.txt.gz
GSM518710_US45102978_251485018668_S01_GE1-v5_95_Feb07_1_2.txt.gz
GSM518711_US45102978_251485018309_S01_GE1-v5_95_Feb07_1_3.txt.gz
GSM518712_US45102978_251485018347_S01_GE1-v5_95_Feb07_1_2.txt.gz
GSM518713_US45102978_251485018370_S01_GE1-v5_95_Feb07_1_3.txt.gz
GSM518714_US45102978_251485018668_S01_GE1-v5_95_Feb07_1_3.txt.gz
GSM518715_US45102978_251485018309_S01_GE1-v5_95_Feb07_1_4.txt.gz
GSM518716_US45102978_251485018355_S01_GE1-v5_95_Feb07_1_2.txt.gz
GSM518717_US45102978_251485018366_S01_GE1-v5_95_Feb07_1_2.txt.gz
GSM518718_US45102978_251485018298_S01_GE1-v5_95_Feb07_1_1.txt.gz
GSM518719_US45102978_251485018298_S01_GE1-v5_95_Feb07_1_2.txt.gz
GSM518720_US45102978_251485018831_S01_GE1-v5_95_Feb07_1_4.txt.gz
GSM518721_US45102978_251485018373_S01_GE1-v5_95_Feb07_1_3.txt.gz
GSM518722_US45102978_251485018396_S01_GE1-v5_95_Feb07_1_2.txt.gz
GSM518723_US45102978_251485018298_S01_GE1-v5_95_Feb07_1_3.txt.gz
GSM518724_US45102978_251485018303_S01_GE1-v5_95_Feb07_1_2.txt.gz
GSM518725_US45102978_251485018832_S01_GE1-v5_95_Feb07_1_3.txt.gz
GSM518726_US45102978_251485018246_S01_GE1-v5_95_Feb07_1_1.txt.gz
GSM518727_US45102978_251485018246_S01_GE1-v5_95_Feb07_1_2.txt.gz
GSM518728_US45102978_251485018303_S01_GE1-v5_95_Feb07_1_4.txt.gz
GSM518729_US45102978_251485018669_S01_GE1-v5_95_Feb07_1_4.txt.gz
GSM518730_US45102978_251485018299_S01_GE1-v5_95_Feb07_1_3.txt.gz
GSM518731_US45102978_251485018351_S01_GE1-v5_95_Feb07_1_2.txt.gz
GSM518732_US45102978_251485018742_S01_GE1-v5_95_Feb07_1_2.txt.gz
GSM518733_US45102978_251485018375_S01_GE1-v5_95_Feb07_1_1.txt.gz
GSM518734_US45102978_251485018313_S01_GE1-v5_95_Feb07_1_2.txt.gz
GSM518735_US45102978_251485018352_S01_GE1-v5_95_Feb07_1_1.txt.gz
GSM518736_US45102978_251485018305_S01_GE1-v5_95_Feb07_1_3.txt.gz
GSM518737_US45102978_251485018314_S01_GE1-v5_95_Feb07_1_1.txt.gz
GSM518738_US45102978_251485018675_S01_GE1-v5_95_Feb07_1_4.txt.gz
GSM518739_US45102978_251485018375_S01_GE1-v5_95_Feb07_1_2.txt.gz
GSM518740_US45102978_251485018363_S01_GE1-v5_95_Feb07_1_1.txt.gz
GSM518741_US45102978_251485018666_S01_GE1-v5_95_Feb07_1_2.txt.gz
GSM518742_US45102978_251485018352_S01_GE1-v5_95_Feb07_1_2.txt.gz
GSM518743_US45102978_251485018306_S01_GE1-v5_95_Feb07_1_1.txt.gz
GSM518744_US45102978_251485018306_S01_GE1-v5_95_Feb07_1_2.txt.gz
GSM518745_US45102978_251485018666_S01_GE1-v5_95_Feb07_1_3.txt.gz
GSM518746_US45102978_251485018679_S01_GE1-v5_95_Feb07_1_2.txt.gz
GSM518747_US45102978_251485018369_S01_GE1-v5_95_Feb07_1_2.txt.gz
GSM518748_US45102978_251485018369_S01_GE1-v5_95_Feb07_1_3.txt.gz
GSM518749_US45102978_251485018301_S01_GE1-v5_95_Feb07_1_1.txt.gz
GSM518750_US45102978_251485018367_S01_GE1-v5_95_Feb07_1_3.txt.gz
GSM518751_US45102978_251485018831_S01_GE1-v5_95_Feb07_1_1.txt.gz
GSM518752_US45102978_251485018345_S01_GE1-v5_95_Feb07_1_4.txt.gz
GSM518753_US45102978_251485018307_S01_GE1-v5_95_Feb07_1_4.txt.gz
GSM518754_US45102978_251485018368_S01_GE1-v5_95_Feb07_1_1.txt.gz
GSM518755_US45102978_251485018353_S01_GE1-v5_95_Feb07_1_3.txt.gz
GSM518756_US45102978_251485018346_S01_GE1-v5_95_Feb07_1_1.txt.gz
GSM518757_US45102978_251485018283_S01_GE1-v5_95_Feb07_1_2.txt.gz
GSM518758_US45102978_251485018353_S01_GE1-v5_95_Feb07_1_4.txt.gz
GSM518759_US45102978_251485018677_S01_GE1-v5_95_Feb07_1_2.txt.gz
GSM518760_US45102978_251485018393_S01_GE1-v5_95_Feb07_1_1.txt.gz
GSM518761_US45102978_251485018667_S01_GE1-v5_95_Feb07_1_2.txt.gz
GSM518762_US45102978_251485018284_S01_GE1-v5_95_Feb07_1_2.txt.gz
GSM518763_US45102978_251485018242_S01_GE1-v5_95_Feb07_1_1.txt.gz
GSM518764_US45102978_251485018394_S01_GE1-v5_95_Feb07_1_2.txt.gz
GSM518765_US45102978_251485018309_S01_GE1-v5_95_Feb07_1_1.txt.gz
GSM518766_US45102978_251485018242_S01_GE1-v5_95_Feb07_1_3.txt.gz
GSM518767_US45102978_251485018346_S01_GE1-v5_95_Feb07_1_4.txt.gz
GSM518768_US45102978_251485018394_S01_GE1-v5_95_Feb07_1_4.txt.gz
GSM518769_US45102978_251485018242_S01_GE1-v5_95_Feb07_1_4.txt.gz
GSM518770_US45102978_251485018370_S01_GE1-v5_95_Feb07_1_2.txt.gz
GSM518771_US45102978_251485018301_S01_GE1-v5_95_Feb07_1_4.txt.gz
GSM518772_US45102978_251485018285_S01_GE1-v5_95_Feb07_1_3.txt.gz
GSM518773_US45102978_251485018355_S01_GE1-v5_95_Feb07_1_1.txt.gz
GSM518774_US45102978_251485018668_S01_GE1-v5_95_Feb07_1_4.txt.gz
GSM518775_US45102978_251485018347_S01_GE1-v5_95_Feb07_1_3.txt.gz
GSM518776_US45102978_251485018366_S01_GE1-v5_95_Feb07_1_1.txt.gz
GSM518777_US45102978_251485018287_S01_GE1-v5_95_Feb07_1_1.txt.gz
GSM518778_US45102978_251485018395_S01_GE1-v5_95_Feb07_1_2.txt.gz
GSM518779_US45102978_251485018287_S01_GE1-v5_95_Feb07_1_2.txt.gz
GSM518780_US45102978_251485018347_S01_GE1-v5_95_Feb07_1_4.txt.gz
GSM518781_US45102978_251485018371_S01_GE1-v5_95_Feb07_1_1.txt.gz
GSM518782_US45102978_251485018395_S01_GE1-v5_95_Feb07_1_3.txt.gz
GSM518783_US45102978_251485018310_S01_GE1-v5_95_Feb07_1_2.txt.gz
GSM518784_US45102978_251485018302_S01_GE1-v5_95_Feb07_1_2.txt.gz
GSM518785_US45102978_251485018373_S01_GE1-v5_95_Feb07_1_4.txt.gz
GSM518786_US45102978_251485018396_S01_GE1-v5_95_Feb07_1_3.txt.gz
GSM518787_US45102978_251485018310_S01_GE1-v5_95_Feb07_1_3.txt.gz
GSM518788_US45102978_251485018245_S01_GE1-v5_95_Feb07_1_2.txt.gz
GSM518789_US45102978_251485018303_S01_GE1-v5_95_Feb07_1_1.txt.gz
GSM518790_US45102978_251485018371_S01_GE1-v5_95_Feb07_1_4.txt.gz
GSM518791_US45102978_251485018299_S01_GE1-v5_95_Feb07_1_2.txt.gz
GSM518792_US45102978_251485018374_S01_GE1-v5_95_Feb07_1_2.txt.gz
GSM518793_US45102978_251485018397_S01_GE1-v5_95_Feb07_1_2.txt.gz
GSM518794_US45102978_251485018311_S01_GE1-v5_95_Feb07_1_1.txt.gz
GSM518795_US45102978_251485018351_S01_GE1-v5_95_Feb07_1_1.txt.gz
GSM518796_US45102978_251485018313_S01_GE1-v5_95_Feb07_1_1.txt.gz
GSM518797_US45102978_251485018675_S01_GE1-v5_95_Feb07_1_2.txt.gz
GSM518798_US45102978_251485018288_S01_GE1-v5_95_Feb07_1_3.txt.gz
GSM518799_US45102978_251485018305_S01_GE1-v5_95_Feb07_1_1.txt.gz
GSM518800_US45102978_251485018665_S01_GE1-v5_95_Feb07_1_2.txt.gz
GSM518801_US45102978_251485018362_S01_GE1-v5_95_Feb07_1_1.txt.gz
GSM518802_US45102978_251485018362_S01_GE1-v5_95_Feb07_1_3.txt.gz
GSM518803_US45102978_251485018305_S01_GE1-v5_95_Feb07_1_2.txt.gz
GSM518804_US45102978_251485018300_S01_GE1-v5_95_Feb07_1_2.txt.gz
GSM518805_US45102978_251485018314_S01_GE1-v5_95_Feb07_1_2.txt.gz
GSM518806_US45102978_251485018369_S01_GE1-v5_95_Feb07_1_1.txt.gz
GSM518807_US45102978_251485018676_S01_GE1-v5_95_Feb07_1_3.txt.gz
GSM518808_US45102978_251485018241_S01_GE1-v5_95_Feb07_1_2.txt.gz
GSM518809_US45102978_251485018376_S01_GE1-v5_95_Feb07_1_3.txt.gz
GSM518810_US45102978_251485018296_S01_GE1-v5_95_Feb07_1_1.txt.gz
GSM518811_US45102978_251485018346_S01_GE1-v5_95_Feb07_1_3.txt.gz
GSM518812_US45102978_251485018297_S01_GE1-v5_95_Feb07_1_2.txt.gz
GSM518813_US45102978_251485018354_S01_GE1-v5_95_Feb07_1_4.txt.gz
GSM518814_US45102978_251485018370_S01_GE1-v5_95_Feb07_1_1.txt.gz
GSM518815_US45102978_251485018668_S01_GE1-v5_95_Feb07_1_1.txt.gz
GSM518816_US45102978_251485018366_S01_GE1-v5_95_Feb07_1_3.txt.gz
GSM518817_US45102978_251485018355_S01_GE1-v5_95_Feb07_1_4.txt.gz
GSM518818_US45102978_251485018348_S01_GE1-v5_95_Feb07_1_1.txt.gz
GSM518819_US45102978_251485018348_S01_GE1-v5_95_Feb07_1_2.txt.gz
GSM518820_US45102978_251485018395_S01_GE1-v5_95_Feb07_1_4.txt.gz
GSM518821_US45102978_251485018669_S01_GE1-v5_95_Feb07_1_1.txt.gz
GSM518822_US45102978_251485018302_S01_GE1-v5_95_Feb07_1_4.txt.gz
GSM518823_US45102978_251485018298_S01_GE1-v5_95_Feb07_1_4.txt.gz
GSM518824_US45102978_251485018299_S01_GE1-v5_95_Feb07_1_1.txt.gz
GSM518825_US45102978_251485018303_S01_GE1-v5_95_Feb07_1_3.txt.gz
GSM518826_US45102978_251485018669_S01_GE1-v5_95_Feb07_1_3.txt.gz
GSM518827_US45102978_251485018246_S01_GE1-v5_95_Feb07_1_4.txt.gz
GSM518828_US45102978_251485018304_S01_GE1-v5_95_Feb07_1_2.txt.gz
GSM518829_US45102978_251485018311_S01_GE1-v5_95_Feb07_1_3.txt.gz
GSM518830_US45102978_251485018362_S01_GE1-v5_95_Feb07_1_2.txt.gz
GSM518831_US45102978_251485018300_S01_GE1-v5_95_Feb07_1_1.txt.gz
GSM518832_US45102978_251485018312_S01_GE1-v5_95_Feb07_1_1.txt.gz
GSM518885_US83000163_251485037676_S01_GE1-v5_10_Apr08_1_1.txt.gz
GSM518886_US83000163_251485037676_S01_GE1-v5_10_Apr08_1_2.txt.gz
GSM518887_US83000163_251485037791_S01_GE1-v5_10_Apr08_1_1.txt.gz
GSM518888_US83000163_251485037791_S01_GE1-v5_10_Apr08_1_2.txt.gz
GSM518889_US83000163_251485037662_S01_GE1-v5_10_Apr08_1_1.txt.gz
GSM518890_US83000163_251485037662_S01_GE1-v5_10_Apr08_1_2.txt.gz
GSM518891_US83000163_251485037664_S01_GE1-v5_10_Apr08_1_1.txt.gz
GSM518892_US83000163_251485037664_S01_GE1-v5_10_Apr08_1_2.txt.gz
GSM518893_US83000163_251485037664_S01_GE1-v5_10_Apr08_1_3.txt.gz
GSM518894_US83000163_251485037664_S01_GE1-v5_10_Apr08_1_4.txt.gz
GSM518895_US83000163_251485037665_S01_GE1-v5_10_Apr08_1_1.txt.gz
GSM518896_US83000163_251485037665_S01_GE1-v5_10_Apr08_1_2.txt.gz
GSM518897_US83000163_251485037665_S01_GE1-v5_10_Apr08_1_3.txt.gz
GSM518898_US83000163_251485037665_S01_GE1-v5_10_Apr08_1_4.txt.gz
GSM518899_US83000163_251485037448_S01_GE1-v5_10_Apr08_1_2.txt.gz
GSM518900_US83000163_251485037448_S01_GE1-v5_10_Apr08_1_1.txt.gz
GSM518901_US83000163_251485037449_S01_GE1-v5_10_Apr08_1_2.txt.gz
GSM518902_US83000163_251485037449_S01_GE1-v5_10_Apr08_1_1.txt.gz
GSM518903_US83000163_251485037449_S01_GE1-v5_10_Apr08_1_3.txt.gz
GSM518904_US83000163_251485037449_S01_GE1-v5_10_Apr08_1_4.txt.gz
GSM518905_US83000163_251485037450_S01_GE1-v5_10_Apr08_1_1.txt.gz
GSM518906_US83000163_251485037450_S01_GE1-v5_10_Apr08_1_2.txt.gz
GSM518907_US83000163_251485037280_S01_GE1-v5_10_Apr08_1_1.txt.gz
GSM518908_US83000163_251485037280_S01_GE1-v5_10_Apr08_1_2.txt.gz
GSM518909_US83000163_251485037450_S01_GE1-v5_10_Apr08_1_3.txt.gz
GSM518910_US83000163_251485037450_S01_GE1-v5_10_Apr08_1_4.txt.gz
GSM518911_US83000163_251485037451_S01_GE1-v5_10_Apr08_1_2.txt.gz
GSM518912_US83000163_251485037451_S01_GE1-v5_10_Apr08_1_1.txt.gz
GSM518913_US83000163_251485037451_S01_GE1-v5_10_Apr08_1_3.txt.gz
GSM518914_US83000163_251485037451_S01_GE1-v5_10_Apr08_1_4.txt.gz
GSM518915_US83000163_251485037452_S01_GE1-v5_10_Apr08_1_1.txt.gz
GSM518916_US83000163_251485037452_S01_GE1-v5_10_Apr08_1_2.txt.gz
GSM518917_US83000163_251485037615_S01_GE1-v5_10_Apr08_1_1.txt.gz
GSM518918_US83000163_251485037615_S01_GE1-v5_10_Apr08_1_2.txt.gz
GSM518919_US83000163_251485037280_S01_GE1-v5_10_Apr08_1_3.txt.gz
GSM518920_US83000163_251485037280_S01_GE1-v5_10_Apr08_1_4.txt.gz
GSM518921_US83000163_251485037281_S01_GE1-v5_10_Apr08_1_2.txt.gz
GSM518922_US83000163_251485037281_S01_GE1-v5_10_Apr08_1_1.txt.gz
GSM518923_US83000163_251485037282_S01_GE1-v5_10_Apr08_1_1.txt.gz
GSM518924_US83000163_251485037282_S01_GE1-v5_10_Apr08_1_2.txt.gz
GSM518925_US83000163_251485037283_S01_GE1-v5_10_Apr08_1_1.txt.gz
GSM518926_US83000163_251485037283_S01_GE1-v5_10_Apr08_1_2.txt.gz
GSM518927_US83000163_251485037283_S01_GE1-v5_10_Apr08_1_3.txt.gz
GSM518928_US83000163_251485037283_S01_GE1-v5_10_Apr08_1_4.txt.gz
GSM518929_US83000163_251485037676_S01_GE1-v5_10_Apr08_1_3.txt.gz
GSM518930_US83000163_251485037676_S01_GE1-v5_10_Apr08_1_4.txt.gz
GSM518931_US83000163_251485037284_S01_GE1-v5_10_Apr08_1_4.txt.gz
GSM518932_US83000163_251485037284_S01_GE1-v5_10_Apr08_1_3.txt.gz
GSM518933_US83000163_251485014626_S01_GE1-v5_10_Apr08_1_1.txt.gz
GSM518934_US83000163_251485014626_S01_GE1-v5_10_Apr08_1_2.txt.gz
GSM518935_US83000163_251485014626_S01_GE1-v5_10_Apr08_1_3.txt.gz
GSM518936_US83000163_251485014626_S01_GE1-v5_10_Apr08_1_4.txt.gz
GSM518937_US83000163_251485037604_S01_GE1-v5_10_Apr08_1_2.txt.gz
GSM518938_US83000163_251485037604_S01_GE1-v5_10_Apr08_1_1.txt.gz
GSM518939_US83000163_251485037604_S01_GE1-v5_10_Apr08_1_3.txt.gz
GSM518940_US83000163_251485037604_S01_GE1-v5_10_Apr08_1_4.txt.gz
GSM518941_US83000163_251485037605_S01_GE1-v5_10_Apr08_1_1.txt.gz
GSM518942_US83000163_251485037605_S01_GE1-v5_10_Apr08_1_2.txt.gz
GSM518943_US83000163_251485037606_S01_GE1-v5_10_Apr08_1_2.txt.gz
GSM518944_US83000163_251485037606_S01_GE1-v5_10_Apr08_1_1.txt.gz
GSM518945_US83000163_251485037606_S01_GE1-v5_10_Apr08_1_4.txt.gz
GSM518946_US83000163_251485037606_S01_GE1-v5_10_Apr08_1_3.txt.gz
GSM518947_US83000163_251485037607_S01_GE1-v5_10_Apr08_1_2.txt.gz
GSM518948_US83000163_251485037607_S01_GE1-v5_10_Apr08_1_1.txt.gz
GSM518949_US83000163_251485037607_S01_GE1-v5_10_Apr08_1_4.txt.gz
GSM518950_US83000163_251485037607_S01_GE1-v5_10_Apr08_1_3.txt.gz
GSM518951_US83000163_251485037788_S01_GE1-v5_10_Apr08_1_1.txt.gz
GSM518952_US83000163_251485037788_S01_GE1-v5_10_Apr08_1_2.txt.gz
GSM518953_US83000163_251485037796_S01_GE1-v5_10_Apr08_1_4.txt.gz
GSM518954_US83000163_251485037796_S01_GE1-v5_10_Apr08_1_3.txt.gz
GSM518955_US83000163_251485037608_S01_GE1-v5_10_Apr08_1_4.txt.gz
GSM518956_US83000163_251485037608_S01_GE1-v5_10_Apr08_1_1.txt.gz
GSM518957_US83000163_251485037608_S01_GE1-v5_10_Apr08_1_2.txt.gz
GSM518958_US83000163_251485037608_S01_GE1-v5_10_Apr08_1_3.txt.gz
GSM518959_US83000163_251485037814_S01_GE1-v5_10_Apr08_1_2.txt.gz
GSM518960_US83000163_251485037814_S01_GE1-v5_10_Apr08_1_1.txt.gz
GSM518961_US83000163_251485037814_S01_GE1-v5_10_Apr08_1_3.txt.gz
GSM518962_US83000163_251485037814_S01_GE1-v5_10_Apr08_1_4.txt.gz
GSM518963_US83000163_251485037815_S01_GE1-v5_10_Apr08_1_2.txt.gz
GSM518964_US83000163_251485037815_S01_GE1-v5_10_Apr08_1_1.txt.gz
GSM518965_US83000163_251485037794_S01_GE1-v5_10_Apr08_1_2.txt.gz
GSM518966_US83000163_251485037794_S01_GE1-v5_10_Apr08_1_1.txt.gz
GSM518967_US83000163_251485037794_S01_GE1-v5_10_Apr08_1_4.txt.gz
GSM518968_US83000163_251485037794_S01_GE1-v5_10_Apr08_1_3.txt.gz
GSM518969_US83000163_251485037795_S01_GE1-v5_10_Apr08_1_2.txt.gz
GSM518970_US83000163_251485037795_S01_GE1-v5_10_Apr08_1_1.txt.gz
GSM518971_US83000163_251485037795_S01_GE1-v5_10_Apr08_1_4.txt.gz
GSM518972_US83000163_251485037795_S01_GE1-v5_10_Apr08_1_3.txt.gz
GSM518973_US83000163_251485037791_S01_GE1-v5_10_Apr08_1_3.txt.gz
GSM518974_US83000163_251485037791_S01_GE1-v5_10_Apr08_1_4.txt.gz
GSM518975_US83000163_251485037796_S01_GE1-v5_10_Apr08_1_1.txt.gz
GSM518976_US83000163_251485037796_S01_GE1-v5_10_Apr08_1_2.txt.gz
GSM518977_US83000163_251485037517_S01_GE1-v5_10_Apr08_1_2.txt.gz
GSM518978_US83000163_251485037517_S01_GE1-v5_10_Apr08_1_1.txt.gz
GSM518979_US83000163_251485037517_S01_GE1-v5_10_Apr08_1_3.txt.gz
GSM518980_US83000163_251485037517_S01_GE1-v5_10_Apr08_1_4.txt.gz
GSM518981_US83000163_251485037518_S01_GE1-v5_10_Apr08_1_2.txt.gz
GSM518982_US83000163_251485037518_S01_GE1-v5_10_Apr08_1_1.txt.gz
GSM518983_US83000163_251485037518_S01_GE1-v5_10_Apr08_1_4.txt.gz
GSM518984_US83000163_251485037518_S01_GE1-v5_10_Apr08_1_3.txt.gz
GSM518985_US83000163_251485037519_S01_GE1-v5_10_Apr08_1_2.txt.gz
GSM518986_US83000163_251485037519_S01_GE1-v5_10_Apr08_1_1.txt.gz
GSM518987_US83000163_251485037520_S01_GE1-v5_10_Apr08_1_2.txt.gz
GSM518988_US83000163_251485037520_S01_GE1-v5_10_Apr08_1_1.txt.gz
GSM518989_US83000163_251485037420_S01_GE1-v5_10_Apr08_1_2.txt.gz
GSM518990_US83000163_251485037420_S01_GE1-v5_10_Apr08_1_3.txt.gz
GSM518991_US83000163_251485037521_S01_GE1-v5_10_Apr08_1_1.txt.gz
GSM518992_US83000163_251485037521_S01_GE1-v5_10_Apr08_1_2.txt.gz
GSM518993_US83000163_251485037790_S01_GE1-v5_10_Apr08_1_2.txt.gz
GSM518994_US83000163_251485037790_S01_GE1-v5_10_Apr08_1_1.txt.gz
GSM518995_US83000163_251485037521_S01_GE1-v5_10_Apr08_1_4.txt.gz
GSM518996_US83000163_251485037521_S01_GE1-v5_10_Apr08_1_3.txt.gz
GSM518997_US83000163_251485037522_S01_GE1-v5_10_Apr08_1_1.txt.gz
GSM518998_US83000163_251485037522_S01_GE1-v5_10_Apr08_1_2.txt.gz
GSM518999_US83000163_251485037522_S01_GE1-v5_10_Apr08_1_4.txt.gz
GSM519000_US83000163_251485037522_S01_GE1-v5_10_Apr08_1_3.txt.gz
GSM519001_US83000163_251485037792_S01_GE1-v5_10_Apr08_1_1.txt.gz
GSM519002_US83000163_251485037792_S01_GE1-v5_10_Apr08_1_2.txt.gz
GSM519003_US83000163_251485037792_S01_GE1-v5_10_Apr08_1_4.txt.gz
GSM519004_US83000163_251485037792_S01_GE1-v5_10_Apr08_1_3.txt.gz
GSM519005_US83000163_251485037523_S01_GE1-v5_10_Apr08_1_1.txt.gz
GSM519006_US83000163_251485037523_S01_GE1-v5_10_Apr08_1_2.txt.gz
GSM519007_US83000163_251485037524_S01_GE1-v5_10_Apr08_1_1.txt.gz
GSM519008_US83000163_251485037524_S01_GE1-v5_10_Apr08_1_2.txt.gz
GSM519009_US83000163_251485037524_S01_GE1-v5_10_Apr08_1_3.txt.gz
GSM519010_US83000163_251485037524_S01_GE1-v5_10_Apr08_1_4.txt.gz
GSM519011_US83000163_251485037520_S01_GE1-v5_10_Apr08_1_4.txt.gz
GSM519012_US83000163_251485037520_S01_GE1-v5_10_Apr08_1_3.txt.gz
GSM519013_US83000163_251485037789_S01_GE1-v5_10_Apr08_1_2.txt.gz
GSM519014_US83000163_251485037789_S01_GE1-v5_10_Apr08_1_1.txt.gz
GSM519015_US83000163_251485037806_S01_GE1-v5_10_Apr08_1_1.txt.gz
GSM519016_US83000163_251485037806_S01_GE1-v5_10_Apr08_1_2.txt.gz
GSM519017_US83000163_251485038680_S01_GE1-v5_10_Apr08_1_2.txt.gz
GSM519018_US83000163_251485038680_S01_GE1-v5_10_Apr08_1_1.txt.gz
GSM519019_US83000163_251485038680_S01_GE1-v5_10_Apr08_1_4.txt.gz
GSM519020_US83000163_251485038680_S01_GE1-v5_10_Apr08_1_3.txt.gz
GSM519021_US83000163_251485037807_S01_GE1-v5_10_Apr08_1_2.txt.gz
GSM519022_US83000163_251485037807_S01_GE1-v5_10_Apr08_1_1.txt.gz
GSM519023_US83000163_251485038682_S01_GE1-v5_10_Apr08_1_2.txt.gz
GSM519024_US83000163_251485038682_S01_GE1-v5_10_Apr08_1_1.txt.gz
GSM519025_US83000163_251485038682_S01_GE1-v5_10_Apr08_1_3.txt.gz
GSM519026_US83000163_251485038682_S01_GE1-v5_10_Apr08_1_4.txt.gz
GSM519027_US83000163_251485037510_S01_GE1-v5_10_Apr08_1_1.txt.gz
GSM519028_US83000163_251485037510_S01_GE1-v5_10_Apr08_1_2.txt.gz
GSM519029_US83000163_251485037789_S01_GE1-v5_10_Apr08_1_4.txt.gz
GSM519030_US83000163_251485037789_S01_GE1-v5_10_Apr08_1_3.txt.gz
GSM519031_US83000163_251485037510_S01_GE1-v5_10_Apr08_1_3.txt.gz
GSM519032_US83000163_251485037510_S01_GE1-v5_10_Apr08_1_4.txt.gz
GSM519033_US83000163_251485037469_S01_GE1-v5_10_Apr08_1_2.txt.gz
GSM519034_US83000163_251485037469_S01_GE1-v5_10_Apr08_1_1.txt.gz
GSM519035_US83000163_251485037807_S01_GE1-v5_10_Apr08_1_3.txt.gz
GSM519036_US83000163_251485037807_S01_GE1-v5_10_Apr08_1_4.txt.gz
GSM519037_US83000163_251485037467_S01_GE1-v5_10_Apr08_1_2.txt.gz
GSM519038_US83000163_251485037467_S01_GE1-v5_10_Apr08_1_1.txt.gz
GSM519039_US83000163_251485037802_S01_GE1-v5_10_Apr08_1_1.txt.gz
GSM519040_US83000163_251485037802_S01_GE1-v5_10_Apr08_1_2.txt.gz
GSM519041_US83000163_251485037467_S01_GE1-v5_10_Apr08_1_4.txt.gz
GSM519042_US83000163_251485037467_S01_GE1-v5_10_Apr08_1_3.txt.gz
GSM519043_US83000163_251485037468_S01_GE1-v5_10_Apr08_1_2.txt.gz
GSM519044_US83000163_251485037468_S01_GE1-v5_10_Apr08_1_1.txt.gz
GSM519045_US83000163_251485037802_S01_GE1-v5_10_Apr08_1_4.txt.gz
GSM519046_US83000163_251485037802_S01_GE1-v5_10_Apr08_1_3.txt.gz
GSM519047_US83000163_251485037469_S01_GE1-v5_10_Apr08_1_4.txt.gz
GSM519048_US83000163_251485037469_S01_GE1-v5_10_Apr08_1_3.txt.gz
GSM519049_US83000163_251485037808_S01_GE1-v5_10_Apr08_1_3.txt.gz
GSM519050_US83000163_251485037808_S01_GE1-v5_10_Apr08_1_4.txt.gz
GSM519051_US83000163_251485037525_S01_GE1-v5_10_Apr08_1_2.txt.gz
GSM519052_US83000163_251485037525_S01_GE1-v5_10_Apr08_1_1.txt.gz
GSM519053_US83000163_251485037525_S01_GE1-v5_10_Apr08_1_3.txt.gz
GSM519054_US83000163_251485037525_S01_GE1-v5_10_Apr08_1_4.txt.gz
GSM519055_US83000163_251485037526_S01_GE1-v5_10_Apr08_1_3.txt.gz
GSM519056_US83000163_251485037526_S01_GE1-v5_10_Apr08_1_4.txt.gz
GSM519057_US83000163_251485037797_S01_GE1-v5_10_Apr08_1_3.txt.gz
GSM519058_US83000163_251485037797_S01_GE1-v5_10_Apr08_1_4.txt.gz
GSM519059_US83000163_251485037798_S01_GE1-v5_10_Apr08_1_2.txt.gz
GSM519060_US83000163_251485037798_S01_GE1-v5_10_Apr08_1_1.txt.gz
GSM519061_US83000163_251485037798_S01_GE1-v5_10_Apr08_1_4.txt.gz
GSM519062_US83000163_251485037798_S01_GE1-v5_10_Apr08_1_3.txt.gz
GSM519063_US83000163_251485037663_S01_GE1-v5_10_Apr08_1_1.txt.gz
GSM519064_US83000163_251485037663_S01_GE1-v5_10_Apr08_1_2.txt.gz
GSM519065_US83000163_251485037790_S01_GE1-v5_10_Apr08_1_3.txt.gz
GSM519066_US83000163_251485037790_S01_GE1-v5_10_Apr08_1_4.txt.gz
GSM519067_US83000163_251485037803_S01_GE1-v5_10_Apr08_1_3.txt.gz
GSM519068_US83000163_251485037803_S01_GE1-v5_10_Apr08_1_4.txt.gz
GSM519069_US83000163_251485037799_S01_GE1-v5_10_Apr08_1_2.txt.gz
GSM519070_US83000163_251485037799_S01_GE1-v5_10_Apr08_1_1.txt.gz
GSM519071_US83000163_251485037799_S01_GE1-v5_10_Apr08_1_3.txt.gz
GSM519072_US83000163_251485037799_S01_GE1-v5_10_Apr08_1_4.txt.gz
GSM519073_US83000163_251485037800_S01_GE1-v5_10_Apr08_1_2.txt.gz
GSM519074_US83000163_251485037800_S01_GE1-v5_10_Apr08_1_1.txt.gz
GSM519075_US83000163_251485037800_S01_GE1-v5_10_Apr08_1_3.txt.gz
GSM519076_US83000163_251485037800_S01_GE1-v5_10_Apr08_1_4.txt.gz
GSM519077_US83000163_251485037801_S01_GE1-v5_10_Apr08_1_2.txt.gz
GSM519078_US83000163_251485037801_S01_GE1-v5_10_Apr08_1_1.txt.gz
GSM519079_US83000163_251485037661_S01_GE1-v5_10_Apr08_1_3.txt.gz
GSM519080_US83000163_251485037661_S01_GE1-v5_10_Apr08_1_4.txt.gz
GSM519081_US83000163_251485037662_S01_GE1-v5_10_Apr08_1_3.txt.gz
GSM519082_US83000163_251485037662_S01_GE1-v5_10_Apr08_1_4.txt.gz
Read GSE20686_RAW/GSM518746_US45102978_251485018679_S01_GE1-v5_95_Feb07_1_2.txt 
Read GSE20686_RAW/GSM518747_US45102978_251485018369_S01_GE1-v5_95_Feb07_1_2.txt 
Read GSE20686_RAW/GSM518749_US45102978_251485018301_S01_GE1-v5_95_Feb07_1_1.txt 
Read GSE20686_RAW/GSM518751_US45102978_251485018831_S01_GE1-v5_95_Feb07_1_1.txt 
Read GSE20686_RAW/GSM518752_US45102978_251485018345_S01_GE1-v5_95_Feb07_1_4.txt 
Read GSE20686_RAW/GSM518756_US45102978_251485018346_S01_GE1-v5_95_Feb07_1_1.txt 
Read GSE20686_RAW/GSM518759_US45102978_251485018677_S01_GE1-v5_95_Feb07_1_2.txt 
Read GSE20686_RAW/GSM518760_US45102978_251485018393_S01_GE1-v5_95_Feb07_1_1.txt 
Read GSE20686_RAW/GSM518761_US45102978_251485018667_S01_GE1-v5_95_Feb07_1_2.txt 
Read GSE20686_RAW/GSM518763_US45102978_251485018242_S01_GE1-v5_95_Feb07_1_1.txt 
Read GSE20686_RAW/GSM518765_US45102978_251485018309_S01_GE1-v5_95_Feb07_1_1.txt 
Read GSE20686_RAW/GSM518768_US45102978_251485018394_S01_GE1-v5_95_Feb07_1_4.txt 
Read GSE20686_RAW/GSM518769_US45102978_251485018242_S01_GE1-v5_95_Feb07_1_4.txt 
Read GSE20686_RAW/GSM518770_US45102978_251485018370_S01_GE1-v5_95_Feb07_1_2.txt 
Read GSE20686_RAW/GSM518771_US45102978_251485018301_S01_GE1-v5_95_Feb07_1_4.txt 
Read GSE20686_RAW/GSM518772_US45102978_251485018285_S01_GE1-v5_95_Feb07_1_3.txt 
Read GSE20686_RAW/GSM518773_US45102978_251485018355_S01_GE1-v5_95_Feb07_1_1.txt 
Read GSE20686_RAW/GSM518774_US45102978_251485018668_S01_GE1-v5_95_Feb07_1_4.txt 
Read GSE20686_RAW/GSM518775_US45102978_251485018347_S01_GE1-v5_95_Feb07_1_3.txt 
Read GSE20686_RAW/GSM518781_US45102978_251485018371_S01_GE1-v5_95_Feb07_1_1.txt 
Read GSE20686_RAW/GSM518782_US45102978_251485018395_S01_GE1-v5_95_Feb07_1_3.txt 
Read GSE20686_RAW/GSM518783_US45102978_251485018310_S01_GE1-v5_95_Feb07_1_2.txt 
Read GSE20686_RAW/GSM518784_US45102978_251485018302_S01_GE1-v5_95_Feb07_1_2.txt 
Read GSE20686_RAW/GSM518786_US45102978_251485018396_S01_GE1-v5_95_Feb07_1_3.txt 
Read GSE20686_RAW/GSM518788_US45102978_251485018245_S01_GE1-v5_95_Feb07_1_2.txt 
Read GSE20686_RAW/GSM518790_US45102978_251485018371_S01_GE1-v5_95_Feb07_1_4.txt 
Read GSE20686_RAW/GSM518791_US45102978_251485018299_S01_GE1-v5_95_Feb07_1_2.txt 
Read GSE20686_RAW/GSM518792_US45102978_251485018374_S01_GE1-v5_95_Feb07_1_2.txt 
Read GSE20686_RAW/GSM518793_US45102978_251485018397_S01_GE1-v5_95_Feb07_1_2.txt 
Read GSE20686_RAW/GSM518794_US45102978_251485018311_S01_GE1-v5_95_Feb07_1_1.txt 
Read GSE20686_RAW/GSM518798_US45102978_251485018288_S01_GE1-v5_95_Feb07_1_3.txt 
Read GSE20686_RAW/GSM518800_US45102978_251485018665_S01_GE1-v5_95_Feb07_1_2.txt 
Read GSE20686_RAW/GSM518801_US45102978_251485018362_S01_GE1-v5_95_Feb07_1_1.txt 
Read GSE20686_RAW/GSM518802_US45102978_251485018362_S01_GE1-v5_95_Feb07_1_3.txt 
Read GSE20686_RAW/GSM518803_US45102978_251485018305_S01_GE1-v5_95_Feb07_1_2.txt 
Read GSE20686_RAW/GSM518804_US45102978_251485018300_S01_GE1-v5_95_Feb07_1_2.txt 
Read GSE20686_RAW/GSM518805_US45102978_251485018314_S01_GE1-v5_95_Feb07_1_2.txt 
Read GSE20686_RAW/GSM518809_US45102978_251485018376_S01_GE1-v5_95_Feb07_1_3.txt 
Read GSE20686_RAW/GSM518810_US45102978_251485018296_S01_GE1-v5_95_Feb07_1_1.txt 
Read GSE20686_RAW/GSM518811_US45102978_251485018346_S01_GE1-v5_95_Feb07_1_3.txt 
Read GSE20686_RAW/GSM518812_US45102978_251485018297_S01_GE1-v5_95_Feb07_1_2.txt 
Read GSE20686_RAW/GSM518813_US45102978_251485018354_S01_GE1-v5_95_Feb07_1_4.txt 
Read GSE20686_RAW/GSM518814_US45102978_251485018370_S01_GE1-v5_95_Feb07_1_1.txt 
Read GSE20686_RAW/GSM518815_US45102978_251485018668_S01_GE1-v5_95_Feb07_1_1.txt 
Read GSE20686_RAW/GSM518816_US45102978_251485018366_S01_GE1-v5_95_Feb07_1_3.txt 
Read GSE20686_RAW/GSM518817_US45102978_251485018355_S01_GE1-v5_95_Feb07_1_4.txt 
Read GSE20686_RAW/GSM518818_US45102978_251485018348_S01_GE1-v5_95_Feb07_1_1.txt 
Read GSE20686_RAW/GSM518823_US45102978_251485018298_S01_GE1-v5_95_Feb07_1_4.txt 
Read GSE20686_RAW/GSM518824_US45102978_251485018299_S01_GE1-v5_95_Feb07_1_1.txt 
Read GSE20686_RAW/GSM518825_US45102978_251485018303_S01_GE1-v5_95_Feb07_1_3.txt 
Read GSE20686_RAW/GSM518826_US45102978_251485018669_S01_GE1-v5_95_Feb07_1_3.txt 
Read GSE20686_RAW/GSM518828_US45102978_251485018304_S01_GE1-v5_95_Feb07_1_2.txt 
Read GSE20686_RAW/GSM518832_US45102978_251485018312_S01_GE1-v5_95_Feb07_1_1.txt 
Read GSE20686_RAW/GSM518885_US83000163_251485037676_S01_GE1-v5_10_Apr08_1_1.txt 
Read GSE20686_RAW/GSM518887_US83000163_251485037791_S01_GE1-v5_10_Apr08_1_1.txt 
Read GSE20686_RAW/GSM518889_US83000163_251485037662_S01_GE1-v5_10_Apr08_1_1.txt 
Read GSE20686_RAW/GSM518891_US83000163_251485037664_S01_GE1-v5_10_Apr08_1_1.txt 
Read GSE20686_RAW/GSM518893_US83000163_251485037664_S01_GE1-v5_10_Apr08_1_3.txt 
Read GSE20686_RAW/GSM518895_US83000163_251485037665_S01_GE1-v5_10_Apr08_1_1.txt 
Read GSE20686_RAW/GSM518897_US83000163_251485037665_S01_GE1-v5_10_Apr08_1_3.txt 
Read GSE20686_RAW/GSM518899_US83000163_251485037448_S01_GE1-v5_10_Apr08_1_2.txt 
Read GSE20686_RAW/GSM518901_US83000163_251485037449_S01_GE1-v5_10_Apr08_1_2.txt 
Read GSE20686_RAW/GSM518903_US83000163_251485037449_S01_GE1-v5_10_Apr08_1_3.txt 
Read GSE20686_RAW/GSM518905_US83000163_251485037450_S01_GE1-v5_10_Apr08_1_1.txt 
Read GSE20686_RAW/GSM518907_US83000163_251485037280_S01_GE1-v5_10_Apr08_1_1.txt 
Read GSE20686_RAW/GSM518909_US83000163_251485037450_S01_GE1-v5_10_Apr08_1_3.txt 
Read GSE20686_RAW/GSM518911_US83000163_251485037451_S01_GE1-v5_10_Apr08_1_2.txt 
Read GSE20686_RAW/GSM518913_US83000163_251485037451_S01_GE1-v5_10_Apr08_1_3.txt 
Read GSE20686_RAW/GSM518915_US83000163_251485037452_S01_GE1-v5_10_Apr08_1_1.txt 
Read GSE20686_RAW/GSM518917_US83000163_251485037615_S01_GE1-v5_10_Apr08_1_1.txt 
Read GSE20686_RAW/GSM518919_US83000163_251485037280_S01_GE1-v5_10_Apr08_1_3.txt 
Read GSE20686_RAW/GSM518921_US83000163_251485037281_S01_GE1-v5_10_Apr08_1_2.txt 
Read GSE20686_RAW/GSM518923_US83000163_251485037282_S01_GE1-v5_10_Apr08_1_1.txt 
Read GSE20686_RAW/GSM518925_US83000163_251485037283_S01_GE1-v5_10_Apr08_1_1.txt 
Read GSE20686_RAW/GSM518927_US83000163_251485037283_S01_GE1-v5_10_Apr08_1_3.txt 
Read GSE20686_RAW/GSM518929_US83000163_251485037676_S01_GE1-v5_10_Apr08_1_3.txt 
Read GSE20686_RAW/GSM518931_US83000163_251485037284_S01_GE1-v5_10_Apr08_1_4.txt 
Read GSE20686_RAW/GSM518933_US83000163_251485014626_S01_GE1-v5_10_Apr08_1_1.txt 
Read GSE20686_RAW/GSM518935_US83000163_251485014626_S01_GE1-v5_10_Apr08_1_3.txt 
Read GSE20686_RAW/GSM518937_US83000163_251485037604_S01_GE1-v5_10_Apr08_1_2.txt 
Read GSE20686_RAW/GSM518939_US83000163_251485037604_S01_GE1-v5_10_Apr08_1_3.txt 
Read GSE20686_RAW/GSM518941_US83000163_251485037605_S01_GE1-v5_10_Apr08_1_1.txt 
Read GSE20686_RAW/GSM518943_US83000163_251485037606_S01_GE1-v5_10_Apr08_1_2.txt 
Read GSE20686_RAW/GSM518945_US83000163_251485037606_S01_GE1-v5_10_Apr08_1_4.txt 
Read GSE20686_RAW/GSM518947_US83000163_251485037607_S01_GE1-v5_10_Apr08_1_2.txt 
Read GSE20686_RAW/GSM518949_US83000163_251485037607_S01_GE1-v5_10_Apr08_1_4.txt 
Read GSE20686_RAW/GSM518951_US83000163_251485037788_S01_GE1-v5_10_Apr08_1_1.txt 
Read GSE20686_RAW/GSM518953_US83000163_251485037796_S01_GE1-v5_10_Apr08_1_4.txt 
Read GSE20686_RAW/GSM518955_US83000163_251485037608_S01_GE1-v5_10_Apr08_1_4.txt 
Read GSE20686_RAW/GSM518957_US83000163_251485037608_S01_GE1-v5_10_Apr08_1_2.txt 
Read GSE20686_RAW/GSM518959_US83000163_251485037814_S01_GE1-v5_10_Apr08_1_2.txt 
Read GSE20686_RAW/GSM518961_US83000163_251485037814_S01_GE1-v5_10_Apr08_1_3.txt 
Read GSE20686_RAW/GSM518963_US83000163_251485037815_S01_GE1-v5_10_Apr08_1_2.txt 
Read GSE20686_RAW/GSM518965_US83000163_251485037794_S01_GE1-v5_10_Apr08_1_2.txt 
Read GSE20686_RAW/GSM518967_US83000163_251485037794_S01_GE1-v5_10_Apr08_1_4.txt 
Read GSE20686_RAW/GSM518969_US83000163_251485037795_S01_GE1-v5_10_Apr08_1_2.txt 
Read GSE20686_RAW/GSM518971_US83000163_251485037795_S01_GE1-v5_10_Apr08_1_4.txt 
Read GSE20686_RAW/GSM518973_US83000163_251485037791_S01_GE1-v5_10_Apr08_1_3.txt 
Read GSE20686_RAW/GSM518975_US83000163_251485037796_S01_GE1-v5_10_Apr08_1_1.txt 
Read GSE20686_RAW/GSM518977_US83000163_251485037517_S01_GE1-v5_10_Apr08_1_2.txt 
Read GSE20686_RAW/GSM518979_US83000163_251485037517_S01_GE1-v5_10_Apr08_1_3.txt 
Read GSE20686_RAW/GSM518981_US83000163_251485037518_S01_GE1-v5_10_Apr08_1_2.txt 
Read GSE20686_RAW/GSM518983_US83000163_251485037518_S01_GE1-v5_10_Apr08_1_4.txt 
Read GSE20686_RAW/GSM518985_US83000163_251485037519_S01_GE1-v5_10_Apr08_1_2.txt 
Read GSE20686_RAW/GSM518987_US83000163_251485037520_S01_GE1-v5_10_Apr08_1_2.txt 
Read GSE20686_RAW/GSM518989_US83000163_251485037420_S01_GE1-v5_10_Apr08_1_2.txt 
Read GSE20686_RAW/GSM518991_US83000163_251485037521_S01_GE1-v5_10_Apr08_1_1.txt 
Read GSE20686_RAW/GSM518993_US83000163_251485037790_S01_GE1-v5_10_Apr08_1_2.txt 
Read GSE20686_RAW/GSM518995_US83000163_251485037521_S01_GE1-v5_10_Apr08_1_4.txt 
Read GSE20686_RAW/GSM518997_US83000163_251485037522_S01_GE1-v5_10_Apr08_1_1.txt 
Read GSE20686_RAW/GSM518999_US83000163_251485037522_S01_GE1-v5_10_Apr08_1_4.txt 
Read GSE20686_RAW/GSM519001_US83000163_251485037792_S01_GE1-v5_10_Apr08_1_1.txt 
Read GSE20686_RAW/GSM519003_US83000163_251485037792_S01_GE1-v5_10_Apr08_1_4.txt 
Read GSE20686_RAW/GSM519005_US83000163_251485037523_S01_GE1-v5_10_Apr08_1_1.txt 
Read GSE20686_RAW/GSM519007_US83000163_251485037524_S01_GE1-v5_10_Apr08_1_1.txt 
Read GSE20686_RAW/GSM519009_US83000163_251485037524_S01_GE1-v5_10_Apr08_1_3.txt 
Read GSE20686_RAW/GSM519011_US83000163_251485037520_S01_GE1-v5_10_Apr08_1_4.txt 
Read GSE20686_RAW/GSM519013_US83000163_251485037789_S01_GE1-v5_10_Apr08_1_2.txt 
Read GSE20686_RAW/GSM519015_US83000163_251485037806_S01_GE1-v5_10_Apr08_1_1.txt 
Read GSE20686_RAW/GSM519017_US83000163_251485038680_S01_GE1-v5_10_Apr08_1_2.txt 
Read GSE20686_RAW/GSM519019_US83000163_251485038680_S01_GE1-v5_10_Apr08_1_4.txt 
Read GSE20686_RAW/GSM519021_US83000163_251485037807_S01_GE1-v5_10_Apr08_1_2.txt 
Read GSE20686_RAW/GSM519023_US83000163_251485038682_S01_GE1-v5_10_Apr08_1_2.txt 
Read GSE20686_RAW/GSM519025_US83000163_251485038682_S01_GE1-v5_10_Apr08_1_3.txt 
Read GSE20686_RAW/GSM519027_US83000163_251485037510_S01_GE1-v5_10_Apr08_1_1.txt 
Read GSE20686_RAW/GSM519029_US83000163_251485037789_S01_GE1-v5_10_Apr08_1_4.txt 
Read GSE20686_RAW/GSM519031_US83000163_251485037510_S01_GE1-v5_10_Apr08_1_3.txt 
Read GSE20686_RAW/GSM519033_US83000163_251485037469_S01_GE1-v5_10_Apr08_1_2.txt 
Read GSE20686_RAW/GSM519035_US83000163_251485037807_S01_GE1-v5_10_Apr08_1_3.txt 
Read GSE20686_RAW/GSM519037_US83000163_251485037467_S01_GE1-v5_10_Apr08_1_2.txt 
Read GSE20686_RAW/GSM519039_US83000163_251485037802_S01_GE1-v5_10_Apr08_1_1.txt 
Read GSE20686_RAW/GSM519041_US83000163_251485037467_S01_GE1-v5_10_Apr08_1_4.txt 
Read GSE20686_RAW/GSM519043_US83000163_251485037468_S01_GE1-v5_10_Apr08_1_2.txt 
Read GSE20686_RAW/GSM519045_US83000163_251485037802_S01_GE1-v5_10_Apr08_1_4.txt 
Read GSE20686_RAW/GSM519047_US83000163_251485037469_S01_GE1-v5_10_Apr08_1_4.txt 
Read GSE20686_RAW/GSM519049_US83000163_251485037808_S01_GE1-v5_10_Apr08_1_3.txt 
Read GSE20686_RAW/GSM519051_US83000163_251485037525_S01_GE1-v5_10_Apr08_1_2.txt 
Read GSE20686_RAW/GSM519053_US83000163_251485037525_S01_GE1-v5_10_Apr08_1_3.txt 
Read GSE20686_RAW/GSM519055_US83000163_251485037526_S01_GE1-v5_10_Apr08_1_3.txt 
Read GSE20686_RAW/GSM519057_US83000163_251485037797_S01_GE1-v5_10_Apr08_1_3.txt 
Read GSE20686_RAW/GSM519059_US83000163_251485037798_S01_GE1-v5_10_Apr08_1_2.txt 
Read GSE20686_RAW/GSM519061_US83000163_251485037798_S01_GE1-v5_10_Apr08_1_4.txt 
Read GSE20686_RAW/GSM519063_US83000163_251485037663_S01_GE1-v5_10_Apr08_1_1.txt 
Read GSE20686_RAW/GSM519065_US83000163_251485037790_S01_GE1-v5_10_Apr08_1_3.txt 
Read GSE20686_RAW/GSM519067_US83000163_251485037803_S01_GE1-v5_10_Apr08_1_3.txt 
Read GSE20686_RAW/GSM519069_US83000163_251485037799_S01_GE1-v5_10_Apr08_1_2.txt 
Read GSE20686_RAW/GSM519071_US83000163_251485037799_S01_GE1-v5_10_Apr08_1_3.txt 
Read GSE20686_RAW/GSM519073_US83000163_251485037800_S01_GE1-v5_10_Apr08_1_2.txt 
Read GSE20686_RAW/GSM519075_US83000163_251485037800_S01_GE1-v5_10_Apr08_1_3.txt 
Read GSE20686_RAW/GSM519077_US83000163_251485037801_S01_GE1-v5_10_Apr08_1_2.txt 
Read GSE20686_RAW/GSM519079_US83000163_251485037661_S01_GE1-v5_10_Apr08_1_3.txt 
Read GSE20686_RAW/GSM519081_US83000163_251485037662_S01_GE1-v5_10_Apr08_1_3.txt 
Read GSE20686_RAW/GSM518638_US45102978_251485018376_S01_GE1-v5_95_Feb07_1_1.txt 
Read GSE20686_RAW/GSM518641_US45102978_251485018345_S01_GE1-v5_95_Feb07_1_3.txt 
Read GSE20686_RAW/GSM518642_US45102978_251485018376_S01_GE1-v5_95_Feb07_1_2.txt 
Read GSE20686_RAW/GSM518643_US45102978_251485018296_S01_GE1-v5_95_Feb07_1_2.txt 
Read GSE20686_RAW/GSM518644_US45102978_251485018241_S01_GE1-v5_95_Feb07_1_4.txt 
Read GSE20686_RAW/GSM518645_US45102978_251485018296_S01_GE1-v5_95_Feb07_1_3.txt 
Read GSE20686_RAW/GSM518646_US45102978_251485018667_S01_GE1-v5_95_Feb07_1_3.txt 
Read GSE20686_RAW/GSM518647_US45102978_251485018242_S01_GE1-v5_95_Feb07_1_2.txt 
Read GSE20686_RAW/GSM518648_US45102978_251485018297_S01_GE1-v5_95_Feb07_1_3.txt 
Read GSE20686_RAW/GSM518649_US45102978_251485018667_S01_GE1-v5_95_Feb07_1_4.txt 
Read GSE20686_RAW/GSM518650_US45102978_251485018347_S01_GE1-v5_95_Feb07_1_1.txt 
Read GSE20686_RAW/GSM518652_US45102978_251485018285_S01_GE1-v5_95_Feb07_1_4.txt 
Read GSE20686_RAW/GSM518653_US45102978_251485018371_S01_GE1-v5_95_Feb07_1_2.txt 
Read GSE20686_RAW/GSM518654_US45102978_251485018310_S01_GE1-v5_95_Feb07_1_1.txt 
Read GSE20686_RAW/GSM518655_US45102978_251485018348_S01_GE1-v5_95_Feb07_1_3.txt 
Read GSE20686_RAW/GSM518656_US45102978_251485018361_S01_GE1-v5_95_Feb07_1_2.txt 
Read GSE20686_RAW/GSM518657_US45102978_251485018397_S01_GE1-v5_95_Feb07_1_1.txt 
Read GSE20686_RAW/GSM518658_US45102978_251485018361_S01_GE1-v5_95_Feb07_1_3.txt 
Read GSE20686_RAW/GSM518660_US45102978_251485018374_S01_GE1-v5_95_Feb07_1_4.txt 
Read GSE20686_RAW/GSM518663_US45102978_251485018288_S01_GE1-v5_95_Feb07_1_4.txt 
Read GSE20686_RAW/GSM518666_US45102978_251485018294_S01_GE1-v5_95_Feb07_1_1.txt 
Read GSE20686_RAW/GSM518667_US45102978_251485018313_S01_GE1-v5_95_Feb07_1_3.txt 
Read GSE20686_RAW/GSM518668_US45102978_251485018311_S01_GE1-v5_95_Feb07_1_4.txt 
Read GSE20686_RAW/GSM518669_US45102978_251485018351_S01_GE1-v5_95_Feb07_1_4.txt 
Read GSE20686_RAW/GSM518670_US45102978_251485018313_S01_GE1-v5_95_Feb07_1_4.txt 
Read GSE20686_RAW/GSM518671_US45102978_251485018832_S01_GE1-v5_95_Feb07_1_1.txt 
Read GSE20686_RAW/GSM518672_US45102978_251485018665_S01_GE1-v5_95_Feb07_1_4.txt 
Read GSE20686_RAW/GSM518674_US45102978_251485018362_S01_GE1-v5_95_Feb07_1_4.txt 
Read GSE20686_RAW/GSM518677_US45102978_251485018307_S01_GE1-v5_95_Feb07_1_2.txt 
Read GSE20686_RAW/GSM518680_US45102978_251485018297_S01_GE1-v5_95_Feb07_1_1.txt 
Read GSE20686_RAW/GSM518681_US45102978_251485018245_S01_GE1-v5_95_Feb07_1_1.txt 
Read GSE20686_RAW/GSM518682_US45102978_251485018302_S01_GE1-v5_95_Feb07_1_1.txt 
Read GSE20686_RAW/GSM518683_US45102978_251485018245_S01_GE1-v5_95_Feb07_1_4.txt 
Read GSE20686_RAW/GSM518684_US45102978_251485018665_S01_GE1-v5_95_Feb07_1_1.txt 
Read GSE20686_RAW/GSM518686_US45102978_251485018304_S01_GE1-v5_95_Feb07_1_3.txt 
Read GSE20686_RAW/GSM518687_US45102978_251485018675_S01_GE1-v5_95_Feb07_1_1.txt 
Read GSE20686_RAW/GSM518688_US45102978_251485018299_S01_GE1-v5_95_Feb07_1_4.txt 
Read GSE20686_RAW/GSM518689_US45102978_251485018312_S01_GE1-v5_95_Feb07_1_2.txt 
Read GSE20686_RAW/GSM518690_US45102978_251485018307_S01_GE1-v5_95_Feb07_1_1.txt 
Read GSE20686_RAW/GSM518691_US45102978_251485018345_S01_GE1-v5_95_Feb07_1_1.txt 
Read GSE20686_RAW/GSM518692_US45102978_251485018367_S01_GE1-v5_95_Feb07_1_1.txt 
Read GSE20686_RAW/GSM518696_US45102978_251485018283_S01_GE1-v5_95_Feb07_1_3.txt 
Read GSE20686_RAW/GSM518697_US45102978_251485018308_S01_GE1-v5_95_Feb07_1_1.txt 
Read GSE20686_RAW/GSM518699_US45102978_251485018393_S01_GE1-v5_95_Feb07_1_2.txt 
Read GSE20686_RAW/GSM518700_US45102978_251485018364_S01_GE1-v5_95_Feb07_1_4.txt 
Read GSE20686_RAW/GSM518702_US45102978_251485018308_S01_GE1-v5_95_Feb07_1_3.txt 
Read GSE20686_RAW/GSM518703_US45102978_251485018393_S01_GE1-v5_95_Feb07_1_4.txt 
Read GSE20686_RAW/GSM518705_US45102978_251485018346_S01_GE1-v5_95_Feb07_1_2.txt 
Read GSE20686_RAW/GSM518707_US45102978_251485018285_S01_GE1-v5_95_Feb07_1_1.txt 
Read GSE20686_RAW/GSM518708_US45102978_251485018394_S01_GE1-v5_95_Feb07_1_3.txt 
Read GSE20686_RAW/GSM518709_US45102978_251485018285_S01_GE1-v5_95_Feb07_1_2.txt 
Read GSE20686_RAW/GSM518713_US45102978_251485018370_S01_GE1-v5_95_Feb07_1_3.txt 
Read GSE20686_RAW/GSM518716_US45102978_251485018355_S01_GE1-v5_95_Feb07_1_2.txt 
Read GSE20686_RAW/GSM518717_US45102978_251485018366_S01_GE1-v5_95_Feb07_1_2.txt 
Read GSE20686_RAW/GSM518718_US45102978_251485018298_S01_GE1-v5_95_Feb07_1_1.txt 
Read GSE20686_RAW/GSM518719_US45102978_251485018298_S01_GE1-v5_95_Feb07_1_2.txt 
Read GSE20686_RAW/GSM518720_US45102978_251485018831_S01_GE1-v5_95_Feb07_1_4.txt 
Read GSE20686_RAW/GSM518721_US45102978_251485018373_S01_GE1-v5_95_Feb07_1_3.txt 
Read GSE20686_RAW/GSM518722_US45102978_251485018396_S01_GE1-v5_95_Feb07_1_2.txt 
Read GSE20686_RAW/GSM518723_US45102978_251485018298_S01_GE1-v5_95_Feb07_1_3.txt 
Read GSE20686_RAW/GSM518725_US45102978_251485018832_S01_GE1-v5_95_Feb07_1_3.txt 
Read GSE20686_RAW/GSM518727_US45102978_251485018246_S01_GE1-v5_95_Feb07_1_2.txt 
Read GSE20686_RAW/GSM518728_US45102978_251485018303_S01_GE1-v5_95_Feb07_1_4.txt 
Read GSE20686_RAW/GSM518730_US45102978_251485018299_S01_GE1-v5_95_Feb07_1_3.txt 
Read GSE20686_RAW/GSM518732_US45102978_251485018742_S01_GE1-v5_95_Feb07_1_2.txt 
Read GSE20686_RAW/GSM518734_US45102978_251485018313_S01_GE1-v5_95_Feb07_1_2.txt 
Read GSE20686_RAW/GSM518736_US45102978_251485018305_S01_GE1-v5_95_Feb07_1_3.txt 
Read GSE20686_RAW/GSM518738_US45102978_251485018675_S01_GE1-v5_95_Feb07_1_4.txt 
Read GSE20686_RAW/GSM518739_US45102978_251485018375_S01_GE1-v5_95_Feb07_1_2.txt 
Read GSE20686_RAW/GSM518740_US45102978_251485018363_S01_GE1-v5_95_Feb07_1_1.txt 
Read GSE20686_RAW/GSM518744_US45102978_251485018306_S01_GE1-v5_95_Feb07_1_2.txt 
Read GSE20686_RAW/GSM518886_US83000163_251485037676_S01_GE1-v5_10_Apr08_1_2.txt 
Read GSE20686_RAW/GSM518888_US83000163_251485037791_S01_GE1-v5_10_Apr08_1_2.txt 
Read GSE20686_RAW/GSM518890_US83000163_251485037662_S01_GE1-v5_10_Apr08_1_2.txt 
Read GSE20686_RAW/GSM518892_US83000163_251485037664_S01_GE1-v5_10_Apr08_1_2.txt 
Read GSE20686_RAW/GSM518894_US83000163_251485037664_S01_GE1-v5_10_Apr08_1_4.txt 
Read GSE20686_RAW/GSM518896_US83000163_251485037665_S01_GE1-v5_10_Apr08_1_2.txt 
Read GSE20686_RAW/GSM518898_US83000163_251485037665_S01_GE1-v5_10_Apr08_1_4.txt 
Read GSE20686_RAW/GSM518900_US83000163_251485037448_S01_GE1-v5_10_Apr08_1_1.txt 
Read GSE20686_RAW/GSM518902_US83000163_251485037449_S01_GE1-v5_10_Apr08_1_1.txt 
Read GSE20686_RAW/GSM518904_US83000163_251485037449_S01_GE1-v5_10_Apr08_1_4.txt 
Read GSE20686_RAW/GSM518906_US83000163_251485037450_S01_GE1-v5_10_Apr08_1_2.txt 
Read GSE20686_RAW/GSM518908_US83000163_251485037280_S01_GE1-v5_10_Apr08_1_2.txt 
Read GSE20686_RAW/GSM518910_US83000163_251485037450_S01_GE1-v5_10_Apr08_1_4.txt 
Read GSE20686_RAW/GSM518912_US83000163_251485037451_S01_GE1-v5_10_Apr08_1_1.txt 
Read GSE20686_RAW/GSM518914_US83000163_251485037451_S01_GE1-v5_10_Apr08_1_4.txt 
Read GSE20686_RAW/GSM518916_US83000163_251485037452_S01_GE1-v5_10_Apr08_1_2.txt 
Read GSE20686_RAW/GSM518918_US83000163_251485037615_S01_GE1-v5_10_Apr08_1_2.txt 
Read GSE20686_RAW/GSM518920_US83000163_251485037280_S01_GE1-v5_10_Apr08_1_4.txt 
Read GSE20686_RAW/GSM518922_US83000163_251485037281_S01_GE1-v5_10_Apr08_1_1.txt 
Read GSE20686_RAW/GSM518924_US83000163_251485037282_S01_GE1-v5_10_Apr08_1_2.txt 
Read GSE20686_RAW/GSM518926_US83000163_251485037283_S01_GE1-v5_10_Apr08_1_2.txt 
Read GSE20686_RAW/GSM518928_US83000163_251485037283_S01_GE1-v5_10_Apr08_1_4.txt 
Read GSE20686_RAW/GSM518930_US83000163_251485037676_S01_GE1-v5_10_Apr08_1_4.txt 
Read GSE20686_RAW/GSM518932_US83000163_251485037284_S01_GE1-v5_10_Apr08_1_3.txt 
Read GSE20686_RAW/GSM518934_US83000163_251485014626_S01_GE1-v5_10_Apr08_1_2.txt 
Read GSE20686_RAW/GSM518936_US83000163_251485014626_S01_GE1-v5_10_Apr08_1_4.txt 
Read GSE20686_RAW/GSM518938_US83000163_251485037604_S01_GE1-v5_10_Apr08_1_1.txt 
Read GSE20686_RAW/GSM518940_US83000163_251485037604_S01_GE1-v5_10_Apr08_1_4.txt 
Read GSE20686_RAW/GSM518942_US83000163_251485037605_S01_GE1-v5_10_Apr08_1_2.txt 
Read GSE20686_RAW/GSM518944_US83000163_251485037606_S01_GE1-v5_10_Apr08_1_1.txt 
Read GSE20686_RAW/GSM518946_US83000163_251485037606_S01_GE1-v5_10_Apr08_1_3.txt 
Read GSE20686_RAW/GSM518948_US83000163_251485037607_S01_GE1-v5_10_Apr08_1_1.txt 
Read GSE20686_RAW/GSM518950_US83000163_251485037607_S01_GE1-v5_10_Apr08_1_3.txt 
Read GSE20686_RAW/GSM518952_US83000163_251485037788_S01_GE1-v5_10_Apr08_1_2.txt 
Read GSE20686_RAW/GSM518954_US83000163_251485037796_S01_GE1-v5_10_Apr08_1_3.txt 
Read GSE20686_RAW/GSM518956_US83000163_251485037608_S01_GE1-v5_10_Apr08_1_1.txt 
Read GSE20686_RAW/GSM518958_US83000163_251485037608_S01_GE1-v5_10_Apr08_1_3.txt 
Read GSE20686_RAW/GSM518960_US83000163_251485037814_S01_GE1-v5_10_Apr08_1_1.txt 
Read GSE20686_RAW/GSM518962_US83000163_251485037814_S01_GE1-v5_10_Apr08_1_4.txt 
Read GSE20686_RAW/GSM518964_US83000163_251485037815_S01_GE1-v5_10_Apr08_1_1.txt 
Read GSE20686_RAW/GSM518966_US83000163_251485037794_S01_GE1-v5_10_Apr08_1_1.txt 
Read GSE20686_RAW/GSM518968_US83000163_251485037794_S01_GE1-v5_10_Apr08_1_3.txt 
Read GSE20686_RAW/GSM518970_US83000163_251485037795_S01_GE1-v5_10_Apr08_1_1.txt 
Read GSE20686_RAW/GSM518972_US83000163_251485037795_S01_GE1-v5_10_Apr08_1_3.txt 
Read GSE20686_RAW/GSM518974_US83000163_251485037791_S01_GE1-v5_10_Apr08_1_4.txt 
Read GSE20686_RAW/GSM518976_US83000163_251485037796_S01_GE1-v5_10_Apr08_1_2.txt 
Read GSE20686_RAW/GSM518978_US83000163_251485037517_S01_GE1-v5_10_Apr08_1_1.txt 
Read GSE20686_RAW/GSM518980_US83000163_251485037517_S01_GE1-v5_10_Apr08_1_4.txt 
Read GSE20686_RAW/GSM518982_US83000163_251485037518_S01_GE1-v5_10_Apr08_1_1.txt 
Read GSE20686_RAW/GSM518984_US83000163_251485037518_S01_GE1-v5_10_Apr08_1_3.txt 
Read GSE20686_RAW/GSM518986_US83000163_251485037519_S01_GE1-v5_10_Apr08_1_1.txt 
Read GSE20686_RAW/GSM518988_US83000163_251485037520_S01_GE1-v5_10_Apr08_1_1.txt 
Read GSE20686_RAW/GSM518990_US83000163_251485037420_S01_GE1-v5_10_Apr08_1_3.txt 
Read GSE20686_RAW/GSM518992_US83000163_251485037521_S01_GE1-v5_10_Apr08_1_2.txt 
Read GSE20686_RAW/GSM518994_US83000163_251485037790_S01_GE1-v5_10_Apr08_1_1.txt 
Read GSE20686_RAW/GSM518996_US83000163_251485037521_S01_GE1-v5_10_Apr08_1_3.txt 
Read GSE20686_RAW/GSM518998_US83000163_251485037522_S01_GE1-v5_10_Apr08_1_2.txt 
Read GSE20686_RAW/GSM519000_US83000163_251485037522_S01_GE1-v5_10_Apr08_1_3.txt 
Read GSE20686_RAW/GSM519002_US83000163_251485037792_S01_GE1-v5_10_Apr08_1_2.txt 
Read GSE20686_RAW/GSM519004_US83000163_251485037792_S01_GE1-v5_10_Apr08_1_3.txt 
Read GSE20686_RAW/GSM519006_US83000163_251485037523_S01_GE1-v5_10_Apr08_1_2.txt 
Read GSE20686_RAW/GSM519008_US83000163_251485037524_S01_GE1-v5_10_Apr08_1_2.txt 
Read GSE20686_RAW/GSM519010_US83000163_251485037524_S01_GE1-v5_10_Apr08_1_4.txt 
Read GSE20686_RAW/GSM519012_US83000163_251485037520_S01_GE1-v5_10_Apr08_1_3.txt 
Read GSE20686_RAW/GSM519014_US83000163_251485037789_S01_GE1-v5_10_Apr08_1_1.txt 
Read GSE20686_RAW/GSM519016_US83000163_251485037806_S01_GE1-v5_10_Apr08_1_2.txt 
Read GSE20686_RAW/GSM519018_US83000163_251485038680_S01_GE1-v5_10_Apr08_1_1.txt 
Read GSE20686_RAW/GSM519020_US83000163_251485038680_S01_GE1-v5_10_Apr08_1_3.txt 
Read GSE20686_RAW/GSM519022_US83000163_251485037807_S01_GE1-v5_10_Apr08_1_1.txt 
Read GSE20686_RAW/GSM519024_US83000163_251485038682_S01_GE1-v5_10_Apr08_1_1.txt 
Read GSE20686_RAW/GSM519026_US83000163_251485038682_S01_GE1-v5_10_Apr08_1_4.txt 
Read GSE20686_RAW/GSM519028_US83000163_251485037510_S01_GE1-v5_10_Apr08_1_2.txt 
Read GSE20686_RAW/GSM519030_US83000163_251485037789_S01_GE1-v5_10_Apr08_1_3.txt 
Read GSE20686_RAW/GSM519032_US83000163_251485037510_S01_GE1-v5_10_Apr08_1_4.txt 
Read GSE20686_RAW/GSM519034_US83000163_251485037469_S01_GE1-v5_10_Apr08_1_1.txt 
Read GSE20686_RAW/GSM519036_US83000163_251485037807_S01_GE1-v5_10_Apr08_1_4.txt 
Read GSE20686_RAW/GSM519038_US83000163_251485037467_S01_GE1-v5_10_Apr08_1_1.txt 
Read GSE20686_RAW/GSM519040_US83000163_251485037802_S01_GE1-v5_10_Apr08_1_2.txt 
Read GSE20686_RAW/GSM519042_US83000163_251485037467_S01_GE1-v5_10_Apr08_1_3.txt 
Read GSE20686_RAW/GSM519044_US83000163_251485037468_S01_GE1-v5_10_Apr08_1_1.txt 
Read GSE20686_RAW/GSM519046_US83000163_251485037802_S01_GE1-v5_10_Apr08_1_3.txt 
Read GSE20686_RAW/GSM519048_US83000163_251485037469_S01_GE1-v5_10_Apr08_1_3.txt 
Read GSE20686_RAW/GSM519050_US83000163_251485037808_S01_GE1-v5_10_Apr08_1_4.txt 
Read GSE20686_RAW/GSM519052_US83000163_251485037525_S01_GE1-v5_10_Apr08_1_1.txt 
Read GSE20686_RAW/GSM519054_US83000163_251485037525_S01_GE1-v5_10_Apr08_1_4.txt 
Read GSE20686_RAW/GSM519056_US83000163_251485037526_S01_GE1-v5_10_Apr08_1_4.txt 
Read GSE20686_RAW/GSM519058_US83000163_251485037797_S01_GE1-v5_10_Apr08_1_4.txt 
Read GSE20686_RAW/GSM519060_US83000163_251485037798_S01_GE1-v5_10_Apr08_1_1.txt 
Read GSE20686_RAW/GSM519062_US83000163_251485037798_S01_GE1-v5_10_Apr08_1_3.txt 
Read GSE20686_RAW/GSM519064_US83000163_251485037663_S01_GE1-v5_10_Apr08_1_2.txt 
Read GSE20686_RAW/GSM519066_US83000163_251485037790_S01_GE1-v5_10_Apr08_1_4.txt 
Read GSE20686_RAW/GSM519068_US83000163_251485037803_S01_GE1-v5_10_Apr08_1_4.txt 
Read GSE20686_RAW/GSM519070_US83000163_251485037799_S01_GE1-v5_10_Apr08_1_1.txt 
Read GSE20686_RAW/GSM519072_US83000163_251485037799_S01_GE1-v5_10_Apr08_1_4.txt 
Read GSE20686_RAW/GSM519074_US83000163_251485037800_S01_GE1-v5_10_Apr08_1_1.txt 
Read GSE20686_RAW/GSM519076_US83000163_251485037800_S01_GE1-v5_10_Apr08_1_4.txt 
Read GSE20686_RAW/GSM519078_US83000163_251485037801_S01_GE1-v5_10_Apr08_1_1.txt 
Read GSE20686_RAW/GSM519080_US83000163_251485037661_S01_GE1-v5_10_Apr08_1_4.txt 
Read GSE20686_RAW/GSM519082_US83000163_251485037662_S01_GE1-v5_10_Apr08_1_4.txt 
 
  RGList: 
	dd$R:	'gProcessedSignal'  
	dd$G:	'gMeanSignal'  
	dd$Rb:	'gBGMedianSignal'  
	dd$Gb:	'gBGUsed'  
 
BACKGROUND CORRECTION AND NORMALIZATION  

	foreground: MeanSignal 
	background: BGMedianSignal 

	BGmethod:	 half 
	NORMmethod:	 quantile 
	OUTPUT in log-2 scale 

------------------------------------------------------ 
FILTERING PROBES BY FLAGS 


FILTERING BY ControlType FLAG 
------------------------------------------------------ 
 PROBES BEFORE FILTERING:  45015 
 PROBES AFTER ControlType FILTERING:  43376 
 RAW DATA WITHOUT CONTROLS OUT : 43376 
------------------------------------------------------ 
FILTERING BY IsWellAboveBG filterFLAG 

	FLAG FILTERING OPTIONS - FLAG OK = 1 - limWellAbove:  75 % 
	PROBES BEFORE FILTERING:  43376 
	PROBES AFTER QC FILTERING:  22938 
	IsNOTWellAboveBG OUT : 20438 
------------------------------------------------------ 
FILTERING BY gIsFound filterFLAG 

	FLAG FILTERING OPTIONS - FLAG OK = 1 - limISF:  75 % 
	PROBES AFTER gIsFound FILTERING:  22793 
	IsNOTFound OUT : 145 
------------------------------------------------------ 
FILTERING BY WellAboveNeg filterWellAboveSIGNALv2 ~ FLAG 

	FLAG FILTERING OPTIONS - limNEG:  75 % 
	Limit computed as MeanNeg +  1.5  x (SDNeg)  
	Limit:  6.32 6.23 6.31 6.4 6.26 6.34 6.33 6.28 6.3 6.37 6.32 6.24 6.35 6.36 6.24 6.37 7.12 6.28 6.26 6.32 6.38 6.36 6.27 6.29 6.29 6.32 6.3 6.33 6.24 6.26 6.42 6.27 6.4 6.38 6.26 6.3 6.3 6.32 6.34 6.26 6.3 6.32 6.44 6.3 6.34 6.3 6.31 6.33 6.42 6.26 6.28 6.29 6.3 6.31 6.41 6.51 6.37 6.38 6.33 6.43 6.32 6.4 6.34 6.39 6.35 6.46 6.35 6.45 6.38 6.39 6.32 6.36 6.37 6.32 6.51 6.56 6.4 6.26 6.25 6.29 6.29 6.37 6.4 6.29 6.38 6.33 6.27 6.57 6.33 6.35 6.32 6.32 6.3 6.33 6.36 6.35 6.35 6.26 6.32 6.41 6.42 6.47 6.42 6.41 6.48 6.37 6.46 6.2 6.48 6.35 6.33 6.28 6.33 6.44 6.46 6.41 6.37 6.28 6.39 6.26 6.24 6.43 6.36 6.28 6.26 6.25 6.24 6.28 6.51 6.28 6.42 6.27 6.28 6.34 6.23 6.4 6.4 6.43 6.5 6.33 6.5 6.4 6.46 6.28 6.37 6.53 6.56 6.38 7.84 6.62 6.46 6.54 6.31 6.62 6.35 6.36 6.34 6.35 6.3 6.29 6.25 6.29 6.28 6.39 6.32 6.31 6.26 6.36 6.25 6.29 6.33 6.38 6.41 6.33 6.29 6.29 6.31 6.39 6.31 6.53 6.26 6.33 6.43 6.31 6.31 6.64 6.26 6.58 6.38 6.27 6.39 6.31 6.31 6.26 6.27 6.29 6.36 6.24 6.27 6.25 6.29 6.28 6.27 6.35 6.3 6.35 6.4 6.38 6.35 6.34 6.28 6.33 6.33 6.35 6.28 6.36 6.3 6.34 6.25 6.29 6.3 6.39 6.26 6.31 6.19 6.76 6.37 6.35 6.41 6.41 6.33 6.41 6.35 6.33 6.46 6.36 6.32 6.37 6.36 6.4 6.39 6.36 6.34 6.35 6.38 6.29 6.38 6.26 6.27 6.32 6.3 6.34 6.38 6.22 6.33 6.39 6.28 6.31 6.4 6.32 6.36 6.36 6.39 6.43 6.34 6.42 6.33 6.22 6.31 6.47 6.63 6.49 6.48 6.37 6.43 6.42 6.4 6.3 6.39 6.38 6.38 6.3 6.33 6.37 6.44 6.37 6.37 6.37 7.19 6.6 6.27 6.45 6.36 6.31 6.29 6.26 6.28 6.29 6.55 6.31 6.36 6.29 6.88 6.26 6.26 6.5 6.56 6.44 6.5 6.46 6.49 6.41 6.41 6.34 6.4 6.31 6.6 6.46 6.52 6.48 6.45 6.52 

PROBES AFTER WellAboveNeg FILTERING:  22793 
WellAboveNeg OUT : 0 
------------------------------------------------------ 
FILTERING BY gIsSaturated filterFLAG 

	FLAG FILTERING OPTIONS - FLAG OK = 0 - limSAT:  75 % 
	PROBES AFTER gIsSaturated FILTERING:  22793 
	IsSaturated OUT : 0 
------------------------------------------------------ 
FILTERING BY gIsFeatPopnOL filterFLAGall 

	FLAG FILTERING OPTIONS - FLAG OK = 0 - limPopnOL:  75 % 
	PROBES AFTER gIsFeatPopnOL FILTERING:  22793 
	IsFeatPopnOL OUT : 0 
------------------------------------------------------ 
FILTERING BY gIsFeatNonUnifOL filterFLAGall 

	FLAG FILTERING OPTIONS - FLAG OK = 0 - limNonUnifOL:  75 % 
	PROBES AFTER gIsFeatPopnOL FILTERING:  22793 
	IsFeatNonUnifOL OUT : 0 
------------------------------------------------------ 
FILTERING BY NAs  

	FLAG FILTERING OPTIONS - limNAS:  100 % 
	PROBES BEFORE NAs FILTERING:  22793 
	probes with ANY NAS:     22793 
	PROBES AFTER NAs FILTERING:  22793 

------------------------------------------------------ 
COUNT FLAG gIsWellAboveBG 
PROBES DISTRIBUTION across exp.cond. WITH (FLAG OK) gIsWellAboveBG =  1 
probeFLAG
  219   220   221   222   223   224   225   226   227   228   229   230   231 
    1     2     1     3     2     2     3     5     5     4     7     5     5 
  232   233   234   235   236   237   238   239   240   241   242   243   244 
    5    13    16    15    11    20    20    19    17    15    19    33    28 
  245   246   247   248   249   250   251   252   253   254   255   256   257 
   25    28    30    37    34    47    57    51    36    54    59    39    58 
  258   259   260   261   262   263   264   265   266   267   268   269   270 
   50    37    65    47    64    44    45    56    55    48    49    65    55 
  271   272   273   274   275   276   277   278   279   280   281   282   283 
   58    56    56    51    43    73    49    78    64    55    78    70    81 
  284   285   286   287   288   289   290   291   292   293   294   295   296 
   78    85    83    88    61    81    95    90    85    91    94   101   101 
  297   298   299   300   301   302   303   304   305   306   307   308   309 
  109    97    90   104    96   128   115   123   135   130   156   161   172 
  310   311   312   313   314   315   316   317   318   319   320   321   322 
  160   158   192   239   223   268   267   299   354   529   640  1241 13151 
------------------------------------------------------ 
COUNT FLAG gIsFound 
PROBES DISTRIBUTION across exp.cond. WITH (FLAG OK) gIsFound =  1 
probeFLAG
  227   231   233   234   236   237   238   239   240   241   242   243   244 
    1     1     1     1     1     2     3     6     4     8     5    14    10 
  245   246   247   248   249   250   251   252   253   254   255   256   257 
   16    18    12    21    20    12    24    27    27    26    18    27    31 
  258   259   260   261   262   263   264   265   266   267   268   269   270 
   23    35    25    33    26    27    23    31    18    37    30    26    29 
  271   272   273   274   275   276   277   278   279   280   281   282   283 
   22    22    21    32    24    30    22    33    31    23    23    23    38 
  284   285   286   287   288   289   290   291   292   293   294   295   296 
   30    34    27    36    44    42    45    41    37    29    43    48    44 
  297   298   299   300   301   302   303   304   305   306   307   308   309 
   48    34    62    56    54    55    34    66    63    81    55    67    94 
  310   311   312   313   314   315   316   317   318   319   320   321   322 
   92    88    91   120   128   153   170   212   299   397   651  1873 16207 
------------------------------------------------------ 
COUNT FLAG gIsSaturated 
PROBES DISTRIBUTION across exp.cond. WITH (FLAG OK) gIsSaturated =  0 
probeFLAG
  232   276   301   320   321   322 
    1     1     1     4    21 22765 
------------------------------------------------------ 
COUNT FLAG gIsFeatPopnOL 
PROBES DISTRIBUTION across exp.cond. WITH (FLAG OK) gIsFeatPopnOL =  0 
probeFLAG
  106   164   182   183   194   199   200   203   204   205   211   214   216 
    1     1     1     1     1     1     1     1     2     1     2     1     1 
  228   229   238   242   244   246   247   249   250   252   253   254   257 
    1     1     2     1     1     1     1     1     1     1     1     2     1 
  258   262   263   265   268   269   270   271   272   273   274   275   276 
    1     2     1     2     1     2     1     1     2     3     1     1     3 
  277   278   279   280   281   282   283   284   285   286   287   288   289 
    2     1     3     3     1     3     3     4     3     2     2     1     3 
  290   291   292   293   294   295   296   297   298   299   300   301   302 
    6     4     3     1     3     5     7     3     5     9     4    11    10 
  303   304   305   306   307   308   309   310   311   312   313   314   315 
    6     8    18    17    16    19    24    35    30    31    47    49    65 
  316   317   318   319   320   321   322 
   79    73   119   154   196   242 21412 
------------------------------------------------------ 
COUNT FLAG gIsFeatNonUnifOL 
PROBES DISTRIBUTION across exp.cond. WITH (FLAG OK) gIsFeatNonUnifOL =  0 
probeFLAG
  300   308   309   310   311   312   313   314   315   316   317   318   319 
    1     1     2     4     4     5    10    14    38    47    38    80    63 
  320   321   322 
  155  1396 20935 
------------------------------------------------------ 
R version 3.5.2 (2018-12-20)
Platform: x86_64-redhat-linux-gnu (64-bit)
Running under: Red Hat Enterprise Linux Server 7.7 (Maipo)

Matrix products: default
BLAS/LAPACK: /usr/lib64/R/lib/libRblas.so

locale:
 [1] LC_CTYPE=en_US.UTF-8       LC_NUMERIC=C              
 [3] LC_TIME=en_US.UTF-8        LC_COLLATE=en_US.UTF-8    
 [5] LC_MONETARY=en_US.UTF-8    LC_MESSAGES=en_US.UTF-8   
 [7] LC_PAPER=en_US.UTF-8       LC_NAME=C                 
 [9] LC_ADDRESS=C               LC_TELEPHONE=C            
[11] LC_MEASUREMENT=en_US.UTF-8 LC_IDENTIFICATION=C       

attached base packages:
[1] stats4    parallel  stats     graphics  grDevices utils     datasets 
[8] methods   base     

other attached packages:
 [1] vsn_3.50.0               hgug4112a.db_3.2.3       org.Hs.eg.db_3.7.0      
 [4] Agi4x44PreProcess_1.22.0 genefilter_1.64.0        annotate_1.60.0         
 [7] XML_3.98-1.17            AnnotationDbi_1.44.0     IRanges_2.16.0          
[10] S4Vectors_0.20.1         limma_3.38.3             GEOquery_2.50.5         
[13] Biobase_2.42.0           BiocGenerics_0.28.0     

loaded via a namespace (and not attached):
 [1] tidyselect_0.2.5      purrr_0.3.3           splines_3.5.2        
 [4] lattice_0.20-38       colorspace_1.4-1      vctrs_0.2.2          
 [7] blob_1.2.1            survival_2.43-3       rlang_0.4.4          
[10] pillar_1.3.1          glue_1.3.0            DBI_1.0.0            
[13] affy_1.60.0           bit64_0.9-7           affyio_1.52.0        
[16] lifecycle_0.1.0       zlibbioc_1.28.0       munsell_0.5.0        
[19] gtable_0.2.0          memoise_1.1.0         curl_3.3             
[22] preprocessCore_1.44.0 Rcpp_1.0.1            xtable_1.8-3         
[25] readr_1.3.1           BiocManager_1.30.4    scales_1.0.0         
[28] bit_1.1-14            ggplot2_3.2.1         hms_0.4.2            
[31] digest_0.6.23         dplyr_0.8.3           grid_3.5.2           
[34] bitops_1.0-6          magrittr_1.5          RCurl_1.95-4.11      
[37] lazyeval_0.2.1        tibble_2.1.3          RSQLite_2.1.1        
[40] crayon_1.3.4          tidyr_1.0.0           pkgconfig_2.0.2      
[43] Matrix_1.2-15         xml2_1.2.0            assertthat_0.2.0     
[46] R6_2.4.0              compiler_3.5.2       
Done, Sun Apr 26 01:55:49 PDT 2020
